Bringing machine 'default' up with 'virtualbox' provider...
==> default: Importing base box 'bento/fedora-41'...

[KProgress: 10%
[K==> default: Matching MAC address for NAT networking...
==> default: Checking if box 'bento/fedora-41' version '202502.21.0' is up to date...
==> default: Setting the name of the VM: MIEProject-DHCP_default_1743341674330_34374
==> default: Clearing any previously set network interfaces...
==> default: Preparing network interfaces based on configuration...
    default: Adapter 1: nat
    default: Adapter 2: hostonly
==> default: Forwarding ports...
    default: 80 (guest) => 8080 (host) (adapter 1)
    default: 22 (guest) => 2222 (host) (adapter 1)
==> default: Running 'pre-boot' VM customizations...
==> default: Booting VM...
==> default: Waiting for machine to boot. This may take a few minutes...
    default: SSH address: 127.0.0.1:2222
    default: SSH username: vagrant
    default: SSH auth method: private key
    default: 
    default: Vagrant insecure key detected. Vagrant will automatically replace
    default: this with a newly generated keypair for better security.
    default: 
    default: Inserting generated public key within guest...
==> default: Machine booted and ready!
==> default: Checking for guest additions in VM...
==> default: Setting hostname...
==> default: Configuring and enabling network interfaces...
==> default: Mounting shared folders...
    default: C:/Users/admin/Desktop/Personal/MIE Project - DHCP => /vagrant
==> default: Running provisioner: shell...
    default: Running: C:/Users/admin/AppData/Local/Temp/vagrant-shell20250330-196680-gifnes.sh
    default: Updating and loading repositories:
